<?xml version="1.0" encoding="UTF-8"?>
<!-- Generated by org.testng.reporters.JUnitXMLReporter -->
<testsuite hostname="DESKTOP-06DQJJV" name="Test" tests="1" failures="1" timestamp="4 Mar 2023 16:18:35 GMT" time="34.55" errors="0">
  <testcase name="FillForm" time="9.581" classname="Android.test.eCommerce_tc_1">
    <failure type="java.lang.AssertionError" message="expected [Please ent your name] but found [Please enter your name]">
      <![CDATA[java.lang.AssertionError: expected [Please ent your name] but found [Please enter your name]
	at Android.test.eCommerce_tc_1.FillForm(eCommerce_tc_1.java:25)
... Removed 30 stack frames]]>
    </failure>
  </testcase> <!-- FillForm -->
</testsuite> <!-- Test -->
