<?xml version="1.0" encoding="UTF-8"?>
<!-- Generated by org.testng.reporters.JUnitXMLReporter -->
<testsuite ignored="0" hostname="DESKTOP-06DQJJV" failures="1" tests="1" name="Test" time="36.803" errors="0" timestamp="2023-03-04T23:52:46 IST">
  <testcase classname="Android.test.eCommerce_tc_1" name="FillForm" time="8.71">
    <failure type="java.lang.AssertionError" message="expected [Please ent your name] but found [Please enter your name]">
      <![CDATA[java.lang.AssertionError: expected [Please ent your name] but found [Please enter your name]
at Android.test.eCommerce_tc_1.FillForm(eCommerce_tc_1.java:25)
at java.base/java.util.ArrayList.forEach(ArrayList.java:1511)
... Removed 37 stack frames]]>
    </failure>
  </testcase> <!-- FillForm -->
</testsuite> <!-- Test -->
